{"C:\\Users\\airton.junior\\Documents\\GitHub\\TechChallenge-Producao\\src\\adapter\\driven\\infra\\PedidoRepository.ts": {"path":"C:\\Users\\airton.junior\\Documents\\GitHub\\TechChallenge-Producao\\src\\adapter\\driven\\infra\\PedidoRepository.ts","statementMap":{"0":{"start":{"line":7,"column":4},"end":{"line":14,"column":5}},"1":{"start":{"line":8,"column":18},"end":{"line":8,"column":61}},"2":{"start":{"line":9,"column":22},"end":{"line":9,"column":43}},"3":{"start":{"line":11,"column":6},"end":{"line":11,"column":23}},"4":{"start":{"line":13,"column":6},"end":{"line":13,"column":18}},"5":{"start":{"line":22,"column":4},"end":{"line":34,"column":5}},"6":{"start":{"line":23,"column":22},"end":{"line":23,"column":96}},"7":{"start":{"line":24,"column":18},"end":{"line":24,"column":43}},"8":{"start":{"line":26,"column":6},"end":{"line":31,"column":7}},"9":{"start":{"line":27,"column":19},"end":{"line":27,"column":27}},"10":{"start":{"line":28,"column":26},"end":{"line":28,"column":107}},"11":{"start":{"line":29,"column":21},"end":{"line":29,"column":48}},"12":{"start":{"line":33,"column":6},"end":{"line":33,"column":18}},"13":{"start":{"line":37,"column":4},"end":{"line":44,"column":5}},"14":{"start":{"line":38,"column":18},"end":{"line":40,"column":49}},"15":{"start":{"line":41,"column":6},"end":{"line":41,"column":28}},"16":{"start":{"line":43,"column":6},"end":{"line":43,"column":18}},"17":{"start":{"line":47,"column":4},"end":{"line":61,"column":5}},"18":{"start":{"line":48,"column":18},"end":{"line":48,"column":98}},"19":{"start":{"line":49,"column":25},"end":{"line":49,"column":46}},"20":{"start":{"line":58,"column":6},"end":{"line":58,"column":26}},"21":{"start":{"line":60,"column":6},"end":{"line":60,"column":18}},"22":{"start":{"line":64,"column":4},"end":{"line":107,"column":5}},"23":{"start":{"line":65,"column":18},"end":{"line":65,"column":105}},"24":{"start":{"line":66,"column":20},"end":{"line":66,"column":41}},"25":{"start":{"line":67,"column":19},"end":{"line":67,"column":71}},"26":{"start":{"line":68,"column":26},"end":{"line":68,"column":48}},"27":{"start":{"line":69,"column":42},"end":{"line":69,"column":44}},"28":{"start":{"line":70,"column":21},"end":{"line":70,"column":33}},"29":{"start":{"line":72,"column":6},"end":{"line":91,"column":7}},"30":{"start":{"line":73,"column":8},"end":{"line":90,"column":9}},"31":{"start":{"line":74,"column":37},"end":{"line":74,"column":39}},"32":{"start":{"line":75,"column":10},"end":{"line":81,"column":11}},"33":{"start":{"line":76,"column":12},"end":{"line":80,"column":13}},"34":{"start":{"line":77,"column":27},"end":{"line":77,"column":87}},"35":{"start":{"line":78,"column":28},"end":{"line":78,"column":50}},"36":{"start":{"line":79,"column":14},"end":{"line":79,"column":37}},"37":{"start":{"line":82,"column":10},"end":{"line":89,"column":13}},"38":{"start":{"line":92,"column":19},"end":{"line":94,"column":7}},"39":{"start":{"line":93,"column":16},"end":{"line":93,"column":51}},"40":{"start":{"line":95,"column":21},"end":{"line":97,"column":7}},"41":{"start":{"line":96,"column":16},"end":{"line":96,"column":53}},"42":{"start":{"line":98,"column":25},"end":{"line":100,"column":7}},"43":{"start":{"line":99,"column":16},"end":{"line":99,"column":58}},"44":{"start":{"line":101,"column":29},"end":{"line":101,"column":66}},"45":{"start":{"line":103,"column":6},"end":{"line":103,"column":30}},"46":{"start":{"line":106,"column":6},"end":{"line":106,"column":18}}},"fnMap":{"0":{"name":"(anonymous_0)","decl":{"start":{"line":6,"column":2},"end":{"line":6,"column":3}},"loc":{"start":{"line":6,"column":38},"end":{"line":15,"column":3}},"line":6},"1":{"name":"(anonymous_1)","decl":{"start":{"line":16,"column":2},"end":{"line":16,"column":3}},"loc":{"start":{"line":16,"column":68},"end":{"line":35,"column":3}},"line":16},"2":{"name":"(anonymous_2)","decl":{"start":{"line":36,"column":2},"end":{"line":36,"column":3}},"loc":{"start":{"line":36,"column":54},"end":{"line":45,"column":3}},"line":36},"3":{"name":"(anonymous_3)","decl":{"start":{"line":46,"column":2},"end":{"line":46,"column":3}},"loc":{"start":{"line":46,"column":56},"end":{"line":62,"column":3}},"line":46},"4":{"name":"(anonymous_4)","decl":{"start":{"line":63,"column":2},"end":{"line":63,"column":3}},"loc":{"start":{"line":63,"column":17},"end":{"line":108,"column":3}},"line":63},"5":{"name":"(anonymous_5)","decl":{"start":{"line":93,"column":8},"end":{"line":93,"column":9}},"loc":{"start":{"line":93,"column":16},"end":{"line":93,"column":51}},"line":93},"6":{"name":"(anonymous_6)","decl":{"start":{"line":96,"column":8},"end":{"line":96,"column":9}},"loc":{"start":{"line":96,"column":16},"end":{"line":96,"column":53}},"line":96},"7":{"name":"(anonymous_7)","decl":{"start":{"line":99,"column":8},"end":{"line":99,"column":9}},"loc":{"start":{"line":99,"column":16},"end":{"line":99,"column":58}},"line":99}},"branchMap":{"0":{"loc":{"start":{"line":26,"column":6},"end":{"line":31,"column":7}},"type":"if","locations":[{"start":{"line":26,"column":6},"end":{"line":31,"column":7}},{"start":{},"end":{}}],"line":26},"1":{"loc":{"start":{"line":39,"column":8},"end":{"line":39,"column":33}},"type":"cond-expr","locations":[{"start":{"line":39,"column":20},"end":{"line":39,"column":29}},{"start":{"line":39,"column":32},"end":{"line":39,"column":33}}],"line":39},"2":{"loc":{"start":{"line":73,"column":8},"end":{"line":90,"column":9}},"type":"if","locations":[{"start":{"line":73,"column":8},"end":{"line":90,"column":9}},{"start":{},"end":{}}],"line":73},"3":{"loc":{"start":{"line":76,"column":12},"end":{"line":80,"column":13}},"type":"if","locations":[{"start":{"line":76,"column":12},"end":{"line":80,"column":13}},{"start":{},"end":{}}],"line":76},"4":{"loc":{"start":{"line":85,"column":23},"end":{"line":85,"column":58}},"type":"cond-expr","locations":[{"start":{"line":85,"column":40},"end":{"line":85,"column":54}},{"start":{"line":85,"column":57},"end":{"line":85,"column":58}}],"line":85},"5":{"loc":{"start":{"line":87,"column":25},"end":{"line":87,"column":64}},"type":"cond-expr","locations":[{"start":{"line":87,"column":44},"end":{"line":87,"column":60}},{"start":{"line":87,"column":63},"end":{"line":87,"column":64}}],"line":87},"6":{"loc":{"start":{"line":88,"column":19},"end":{"line":88,"column":46}},"type":"cond-expr","locations":[{"start":{"line":88,"column":32},"end":{"line":88,"column":42}},{"start":{"line":88,"column":45},"end":{"line":88,"column":46}}],"line":88}},"s":{"0":2,"1":2,"2":2,"3":1,"4":1,"5":3,"6":3,"7":3,"8":2,"9":2,"10":2,"11":2,"12":2,"13":2,"14":2,"15":2,"16":1,"17":2,"18":2,"19":2,"20":1,"21":1,"22":2,"23":2,"24":2,"25":1,"26":1,"27":1,"28":1,"29":1,"30":1,"31":1,"32":1,"33":1,"34":1,"35":1,"36":1,"37":1,"38":1,"39":1,"40":1,"41":1,"42":1,"43":1,"44":1,"45":1,"46":1},"f":{"0":2,"1":3,"2":2,"3":2,"4":2,"5":1,"6":1,"7":1},"b":{"0":[2,0],"1":[2,0],"2":[1,0],"3":[1,0],"4":[1,0],"5":[1,0],"6":[1,0]},"_coverageSchema":"1a1c01bbd47fc00a2c39e90264f33305004495a9","hash":"36cfba77877f3e1ff841dd80867ba2aefac0cf2c"}
,"C:\\Users\\airton.junior\\Documents\\GitHub\\TechChallenge-Producao\\src\\adapter\\driven\\infra\\UsuarioRepository.ts": {"path":"C:\\Users\\airton.junior\\Documents\\GitHub\\TechChallenge-Producao\\src\\adapter\\driven\\infra\\UsuarioRepository.ts","statementMap":{"0":{"start":{"line":5,"column":10},"end":{"line":5,"column":33}},"1":{"start":{"line":9,"column":16},"end":{"line":9,"column":71}},"2":{"start":{"line":10,"column":24},"end":{"line":10,"column":45}},"3":{"start":{"line":16,"column":4},"end":{"line":20,"column":5}},"4":{"start":{"line":17,"column":6},"end":{"line":17,"column":18}},"5":{"start":{"line":19,"column":6},"end":{"line":19,"column":19}},"6":{"start":{"line":31,"column":16},"end":{"line":31,"column":79}},"7":{"start":{"line":32,"column":24},"end":{"line":32,"column":45}},"8":{"start":{"line":35,"column":4},"end":{"line":64,"column":5}},"9":{"start":{"line":36,"column":25},"end":{"line":36,"column":41}},"10":{"start":{"line":37,"column":6},"end":{"line":63,"column":7}},"11":{"start":{"line":38,"column":26},"end":{"line":38,"column":45}},"12":{"start":{"line":39,"column":8},"end":{"line":60,"column":9}},"13":{"start":{"line":40,"column":22},"end":{"line":51,"column":11}},"14":{"start":{"line":57,"column":26},"end":{"line":57,"column":103}},"15":{"start":{"line":58,"column":10},"end":{"line":58,"column":36}},"16":{"start":{"line":59,"column":10},"end":{"line":59,"column":23}},"17":{"start":{"line":62,"column":8},"end":{"line":62,"column":25}},"18":{"start":{"line":66,"column":4},"end":{"line":66,"column":21}},"19":{"start":{"line":70,"column":4},"end":{"line":94,"column":5}},"20":{"start":{"line":71,"column":18},"end":{"line":71,"column":77}},"21":{"start":{"line":72,"column":26},"end":{"line":72,"column":47}},"22":{"start":{"line":73,"column":6},"end":{"line":91,"column":7}},"23":{"start":{"line":74,"column":27},"end":{"line":74,"column":43}},"24":{"start":{"line":75,"column":20},"end":{"line":87,"column":9}},"25":{"start":{"line":88,"column":24},"end":{"line":88,"column":101}},"26":{"start":{"line":89,"column":8},"end":{"line":89,"column":34}},"27":{"start":{"line":90,"column":8},"end":{"line":90,"column":21}},"28":{"start":{"line":93,"column":6},"end":{"line":93,"column":29}}},"fnMap":{"0":{"name":"(anonymous_0)","decl":{"start":{"line":8,"column":2},"end":{"line":8,"column":3}},"loc":{"start":{"line":8,"column":66},"end":{"line":21,"column":3}},"line":8},"1":{"name":"(anonymous_1)","decl":{"start":{"line":24,"column":2},"end":{"line":24,"column":3}},"loc":{"start":{"line":24,"column":78},"end":{"line":67,"column":3}},"line":24},"2":{"name":"(anonymous_2)","decl":{"start":{"line":69,"column":2},"end":{"line":69,"column":3}},"loc":{"start":{"line":69,"column":72},"end":{"line":95,"column":3}},"line":69}},"branchMap":{"0":{"loc":{"start":{"line":16,"column":4},"end":{"line":20,"column":5}},"type":"if","locations":[{"start":{"line":16,"column":4},"end":{"line":20,"column":5}},{"start":{"line":18,"column":11},"end":{"line":20,"column":5}}],"line":16},"1":{"loc":{"start":{"line":35,"column":4},"end":{"line":64,"column":5}},"type":"if","locations":[{"start":{"line":35,"column":4},"end":{"line":64,"column":5}},{"start":{},"end":{}}],"line":35},"2":{"loc":{"start":{"line":37,"column":6},"end":{"line":63,"column":7}},"type":"if","locations":[{"start":{"line":37,"column":6},"end":{"line":63,"column":7}},{"start":{"line":61,"column":13},"end":{"line":63,"column":7}}],"line":37},"3":{"loc":{"start":{"line":37,"column":10},"end":{"line":37,"column":71}},"type":"binary-expr","locations":[{"start":{"line":37,"column":10},"end":{"line":37,"column":36}},{"start":{"line":37,"column":40},"end":{"line":37,"column":71}}],"line":37},"4":{"loc":{"start":{"line":39,"column":8},"end":{"line":60,"column":9}},"type":"if","locations":[{"start":{"line":39,"column":8},"end":{"line":60,"column":9}},{"start":{},"end":{}}],"line":39},"5":{"loc":{"start":{"line":73,"column":6},"end":{"line":91,"column":7}},"type":"if","locations":[{"start":{"line":73,"column":6},"end":{"line":91,"column":7}},{"start":{},"end":{}}],"line":73}},"s":{"0":3,"1":2,"2":2,"3":2,"4":1,"5":1,"6":1,"7":1,"8":1,"9":1,"10":1,"11":1,"12":1,"13":1,"14":1,"15":1,"16":1,"17":0,"18":0,"19":1,"20":1,"21":1,"22":1,"23":1,"24":1,"25":1,"26":1,"27":1,"28":0},"f":{"0":2,"1":1,"2":1},"b":{"0":[1,1],"1":[1,0],"2":[1,0],"3":[1,1],"4":[1,0],"5":[1,0]},"_coverageSchema":"1a1c01bbd47fc00a2c39e90264f33305004495a9","hash":"c8cd39a060985f1dc20441d109ca1c166c4fad1b"}
,"C:\\Users\\airton.junior\\Documents\\GitHub\\TechChallenge-Producao\\src\\adapter\\driver\\PedidoController.ts": {"path":"C:\\Users\\airton.junior\\Documents\\GitHub\\TechChallenge-Producao\\src\\adapter\\driver\\PedidoController.ts","statementMap":{"0":{"start":{"line":8,"column":4},"end":{"line":8,"column":39}},"1":{"start":{"line":12,"column":4},"end":{"line":17,"column":5}},"2":{"start":{"line":13,"column":20},"end":{"line":13,"column":60}},"3":{"start":{"line":14,"column":6},"end":{"line":14,"column":36}},"4":{"start":{"line":16,"column":6},"end":{"line":16,"column":18}},"5":{"start":{"line":21,"column":4},"end":{"line":26,"column":5}},"6":{"start":{"line":22,"column":18},"end":{"line":22,"column":55}},"7":{"start":{"line":23,"column":6},"end":{"line":23,"column":34}},"8":{"start":{"line":25,"column":6},"end":{"line":25,"column":18}},"9":{"start":{"line":30,"column":4},"end":{"line":35,"column":5}},"10":{"start":{"line":31,"column":6},"end":{"line":31,"column":60}},"11":{"start":{"line":32,"column":6},"end":{"line":32,"column":66}},"12":{"start":{"line":34,"column":6},"end":{"line":34,"column":18}}},"fnMap":{"0":{"name":"(anonymous_0)","decl":{"start":{"line":7,"column":2},"end":{"line":7,"column":3}},"loc":{"start":{"line":7,"column":44},"end":{"line":9,"column":3}},"line":7},"1":{"name":"(anonymous_1)","decl":{"start":{"line":11,"column":2},"end":{"line":11,"column":3}},"loc":{"start":{"line":11,"column":36},"end":{"line":18,"column":3}},"line":11},"2":{"name":"(anonymous_2)","decl":{"start":{"line":20,"column":2},"end":{"line":20,"column":3}},"loc":{"start":{"line":20,"column":34},"end":{"line":27,"column":3}},"line":20},"3":{"name":"(anonymous_3)","decl":{"start":{"line":29,"column":2},"end":{"line":29,"column":3}},"loc":{"start":{"line":29,"column":68},"end":{"line":36,"column":3}},"line":29}},"branchMap":{},"s":{"0":6,"1":2,"2":2,"3":1,"4":1,"5":2,"6":2,"7":1,"8":1,"9":2,"10":2,"11":1,"12":1},"f":{"0":6,"1":2,"2":2,"3":2},"b":{},"_coverageSchema":"1a1c01bbd47fc00a2c39e90264f33305004495a9","hash":"7151525540053e7d4feda3724dd7e2cf95c7f5f9"}
,"C:\\Users\\airton.junior\\Documents\\GitHub\\TechChallenge-Producao\\src\\adapter\\driver\\UsuarioController.ts": {"path":"C:\\Users\\airton.junior\\Documents\\GitHub\\TechChallenge-Producao\\src\\adapter\\driver\\UsuarioController.ts","statementMap":{"0":{"start":{"line":10,"column":4},"end":{"line":10,"column":47}},"1":{"start":{"line":11,"column":4},"end":{"line":11,"column":69}},"2":{"start":{"line":15,"column":4},"end":{"line":21,"column":5}},"3":{"start":{"line":16,"column":20},"end":{"line":16,"column":57}},"4":{"start":{"line":17,"column":6},"end":{"line":17,"column":69}},"5":{"start":{"line":19,"column":6},"end":{"line":19,"column":52}},"6":{"start":{"line":25,"column":4},"end":{"line":31,"column":5}},"7":{"start":{"line":26,"column":22},"end":{"line":26,"column":50}},"8":{"start":{"line":27,"column":6},"end":{"line":27,"column":63}},"9":{"start":{"line":29,"column":6},"end":{"line":29,"column":65}}},"fnMap":{"0":{"name":"(anonymous_0)","decl":{"start":{"line":9,"column":2},"end":{"line":9,"column":3}},"loc":{"start":{"line":9,"column":52},"end":{"line":12,"column":3}},"line":9},"1":{"name":"(anonymous_1)","decl":{"start":{"line":14,"column":2},"end":{"line":14,"column":3}},"loc":{"start":{"line":14,"column":75},"end":{"line":22,"column":3}},"line":14},"2":{"name":"(anonymous_2)","decl":{"start":{"line":24,"column":2},"end":{"line":24,"column":3}},"loc":{"start":{"line":24,"column":53},"end":{"line":32,"column":3}},"line":24}},"branchMap":{},"s":{"0":3,"1":3,"2":2,"3":2,"4":2,"5":1,"6":2,"7":2,"8":2,"9":1},"f":{"0":3,"1":2,"2":2},"b":{},"_coverageSchema":"1a1c01bbd47fc00a2c39e90264f33305004495a9","hash":"10ca2b682f12bc465deef156a1edc4094d5d7b73"}
,"C:\\Users\\airton.junior\\Documents\\GitHub\\TechChallenge-Producao\\src\\config\\database.ts": {"path":"C:\\Users\\airton.junior\\Documents\\GitHub\\TechChallenge-Producao\\src\\config\\database.ts","statementMap":{"0":{"start":{"line":6,"column":15},"end":{"line":12,"column":2}},"1":{"start":{"line":14,"column":24},"end":{"line":20,"column":1}},"2":{"start":{"line":15,"column":2},"end":{"line":15,"column":25}},"3":{"start":{"line":16,"column":14},"end":{"line":16,"column":39}},"4":{"start":{"line":17,"column":15},"end":{"line":17,"column":18}},"5":{"start":{"line":19,"column":2},"end":{"line":19,"column":21}}},"fnMap":{"0":{"name":"(anonymous_0)","decl":{"start":{"line":14,"column":24},"end":{"line":14,"column":25}},"loc":{"start":{"line":14,"column":49},"end":{"line":20,"column":1}},"line":14}},"branchMap":{},"s":{"0":5,"1":5,"2":2,"3":2,"4":1,"5":1},"f":{"0":2},"b":{},"_coverageSchema":"1a1c01bbd47fc00a2c39e90264f33305004495a9","hash":"b899ca5a5922906ce40f0480daef4f168d627524"}
,"C:\\Users\\airton.junior\\Documents\\GitHub\\TechChallenge-Producao\\src\\core\\domain\\models\\Usuario.ts": {"path":"C:\\Users\\airton.junior\\Documents\\GitHub\\TechChallenge-Producao\\src\\core\\domain\\models\\Usuario.ts","statementMap":{"0":{"start":{"line":19,"column":4},"end":{"line":19,"column":21}},"1":{"start":{"line":20,"column":4},"end":{"line":20,"column":23}},"2":{"start":{"line":21,"column":4},"end":{"line":21,"column":19}},"3":{"start":{"line":22,"column":4},"end":{"line":22,"column":21}},"4":{"start":{"line":23,"column":4},"end":{"line":23,"column":23}},"5":{"start":{"line":24,"column":4},"end":{"line":24,"column":23}},"6":{"start":{"line":25,"column":4},"end":{"line":25,"column":17}}},"fnMap":{"0":{"name":"(anonymous_0)","decl":{"start":{"line":10,"column":2},"end":{"line":10,"column":3}},"loc":{"start":{"line":18,"column":4},"end":{"line":26,"column":3}},"line":18}},"branchMap":{},"s":{"0":10,"1":10,"2":10,"3":10,"4":10,"5":10,"6":10},"f":{"0":10},"b":{},"_coverageSchema":"1a1c01bbd47fc00a2c39e90264f33305004495a9","hash":"e8fc8af5868218e6a7d07036c646968c5fd69bc5"}
,"C:\\Users\\airton.junior\\Documents\\GitHub\\TechChallenge-Producao\\src\\core\\domain\\useCases\\Pedido\\PedidoUseCase.ts": {"path":"C:\\Users\\airton.junior\\Documents\\GitHub\\TechChallenge-Producao\\src\\core\\domain\\useCases\\Pedido\\PedidoUseCase.ts","statementMap":{"0":{"start":{"line":9,"column":4},"end":{"line":9,"column":45}},"1":{"start":{"line":13,"column":4},"end":{"line":13,"column":42}},"2":{"start":{"line":18,"column":4},"end":{"line":18,"column":49}},"3":{"start":{"line":22,"column":4},"end":{"line":22,"column":61}},"4":{"start":{"line":26,"column":4},"end":{"line":26,"column":57}}},"fnMap":{"0":{"name":"(anonymous_0)","decl":{"start":{"line":8,"column":2},"end":{"line":8,"column":3}},"loc":{"start":{"line":8,"column":50},"end":{"line":10,"column":3}},"line":8},"1":{"name":"(anonymous_1)","decl":{"start":{"line":12,"column":2},"end":{"line":12,"column":3}},"loc":{"start":{"line":12,"column":52},"end":{"line":14,"column":3}},"line":12},"2":{"name":"(anonymous_2)","decl":{"start":{"line":16,"column":2},"end":{"line":16,"column":3}},"loc":{"start":{"line":16,"column":35},"end":{"line":19,"column":3}},"line":16},"3":{"name":"(anonymous_3)","decl":{"start":{"line":21,"column":2},"end":{"line":21,"column":3}},"loc":{"start":{"line":21,"column":68},"end":{"line":23,"column":3}},"line":21},"4":{"name":"(anonymous_4)","decl":{"start":{"line":25,"column":2},"end":{"line":25,"column":3}},"loc":{"start":{"line":25,"column":67},"end":{"line":27,"column":3}},"line":25}},"branchMap":{},"s":{"0":6,"1":1,"2":1,"3":2,"4":2},"f":{"0":6,"1":1,"2":1,"3":2,"4":2},"b":{},"_coverageSchema":"1a1c01bbd47fc00a2c39e90264f33305004495a9","hash":"7c1c5c9d9c7e3106b370156d1b262f23d1ff557f"}
,"C:\\Users\\airton.junior\\Documents\\GitHub\\TechChallenge-Producao\\src\\core\\domain\\useCases\\Usuario\\UsuarioUseCase.ts": {"path":"C:\\Users\\airton.junior\\Documents\\GitHub\\TechChallenge-Producao\\src\\core\\domain\\useCases\\Usuario\\UsuarioUseCase.ts","statementMap":{"0":{"start":{"line":8,"column":4},"end":{"line":8,"column":47}},"1":{"start":{"line":13,"column":4},"end":{"line":24,"column":5}},"2":{"start":{"line":15,"column":8},"end":{"line":15,"column":68}},"3":{"start":{"line":16,"column":6},"end":{"line":20,"column":7}},"4":{"start":{"line":17,"column":8},"end":{"line":17,"column":52}},"5":{"start":{"line":19,"column":8},"end":{"line":19,"column":50}},"6":{"start":{"line":23,"column":6},"end":{"line":23,"column":18}},"7":{"start":{"line":27,"column":4},"end":{"line":38,"column":5}},"8":{"start":{"line":28,"column":30},"end":{"line":30,"column":7}},"9":{"start":{"line":31,"column":6},"end":{"line":35,"column":7}},"10":{"start":{"line":32,"column":8},"end":{"line":32,"column":46}},"11":{"start":{"line":34,"column":8},"end":{"line":34,"column":50}},"12":{"start":{"line":37,"column":6},"end":{"line":37,"column":18}},"13":{"start":{"line":42,"column":4},"end":{"line":47,"column":5}},"14":{"start":{"line":43,"column":24},"end":{"line":43,"column":72}},"15":{"start":{"line":44,"column":6},"end":{"line":44,"column":25}},"16":{"start":{"line":46,"column":6},"end":{"line":46,"column":18}}},"fnMap":{"0":{"name":"(anonymous_0)","decl":{"start":{"line":7,"column":2},"end":{"line":7,"column":3}},"loc":{"start":{"line":7,"column":52},"end":{"line":9,"column":3}},"line":7},"1":{"name":"(anonymous_1)","decl":{"start":{"line":12,"column":2},"end":{"line":12,"column":3}},"loc":{"start":{"line":12,"column":59},"end":{"line":25,"column":3}},"line":12},"2":{"name":"(anonymous_2)","decl":{"start":{"line":26,"column":2},"end":{"line":26,"column":3}},"loc":{"start":{"line":26,"column":53},"end":{"line":39,"column":3}},"line":26},"3":{"name":"(anonymous_3)","decl":{"start":{"line":41,"column":2},"end":{"line":41,"column":3}},"loc":{"start":{"line":41,"column":36},"end":{"line":48,"column":3}},"line":41}},"branchMap":{"0":{"loc":{"start":{"line":16,"column":6},"end":{"line":20,"column":7}},"type":"if","locations":[{"start":{"line":16,"column":6},"end":{"line":20,"column":7}},{"start":{"line":18,"column":13},"end":{"line":20,"column":7}}],"line":16},"1":{"loc":{"start":{"line":31,"column":6},"end":{"line":35,"column":7}},"type":"if","locations":[{"start":{"line":31,"column":6},"end":{"line":35,"column":7}},{"start":{"line":33,"column":13},"end":{"line":35,"column":7}}],"line":31}},"s":{"0":12,"1":3,"2":3,"3":2,"4":1,"5":1,"6":2,"7":3,"8":3,"9":2,"10":1,"11":1,"12":2,"13":3,"14":3,"15":2,"16":1},"f":{"0":12,"1":3,"2":3,"3":3},"b":{"0":[1,1],"1":[1,1]},"_coverageSchema":"1a1c01bbd47fc00a2c39e90264f33305004495a9","hash":"addb98f9a8eac3c1632816317f98eb13b4e0dc91"}
,"C:\\Users\\airton.junior\\Documents\\GitHub\\TechChallenge-Producao\\src\\core\\domain\\valueObjects\\VerificaSenha.ts": {"path":"C:\\Users\\airton.junior\\Documents\\GitHub\\TechChallenge-Producao\\src\\core\\domain\\valueObjects\\VerificaSenha.ts","statementMap":{"0":{"start":{"line":9,"column":25},"end":{"line":9,"column":45}},"1":{"start":{"line":10,"column":23},"end":{"line":16,"column":5}},"2":{"start":{"line":17,"column":32},"end":{"line":17,"column":58}},"3":{"start":{"line":18,"column":4},"end":{"line":18,"column":40}},"4":{"start":{"line":28,"column":4},"end":{"line":43,"column":7}},"5":{"start":{"line":29,"column":6},"end":{"line":42,"column":8}},"6":{"start":{"line":36,"column":10},"end":{"line":40,"column":11}},"7":{"start":{"line":37,"column":12},"end":{"line":37,"column":24}},"8":{"start":{"line":39,"column":12},"end":{"line":39,"column":32}}},"fnMap":{"0":{"name":"(anonymous_0)","decl":{"start":{"line":8,"column":2},"end":{"line":8,"column":3}},"loc":{"start":{"line":8,"column":74},"end":{"line":19,"column":3}},"line":8},"1":{"name":"(anonymous_1)","decl":{"start":{"line":21,"column":2},"end":{"line":21,"column":3}},"loc":{"start":{"line":27,"column":21},"end":{"line":44,"column":3}},"line":27},"2":{"name":"(anonymous_2)","decl":{"start":{"line":28,"column":31},"end":{"line":28,"column":32}},"loc":{"start":{"line":28,"column":52},"end":{"line":43,"column":5}},"line":28},"3":{"name":"(anonymous_3)","decl":{"start":{"line":35,"column":8},"end":{"line":35,"column":9}},"loc":{"start":{"line":35,"column":29},"end":{"line":41,"column":9}},"line":35}},"branchMap":{"0":{"loc":{"start":{"line":36,"column":10},"end":{"line":40,"column":11}},"type":"if","locations":[{"start":{"line":36,"column":10},"end":{"line":40,"column":11}},{"start":{"line":38,"column":17},"end":{"line":40,"column":11}}],"line":36}},"s":{"0":3,"1":3,"2":2,"3":2,"4":3,"5":3,"6":2,"7":0,"8":2},"f":{"0":3,"1":3,"2":3,"3":2},"b":{"0":[0,2]},"_coverageSchema":"1a1c01bbd47fc00a2c39e90264f33305004495a9","hash":"a297b8f5ff6a3ee14c5515e9558f6e4b53ec2d11"}
}
