{"C:\\Users\\airton.junior\\Documents\\GitHub\\TechChallenge-Producao\\src\\adapter\\driven\\infra\\PedidoRepository.ts": {"path":"C:\\Users\\airton.junior\\Documents\\GitHub\\TechChallenge-Producao\\src\\adapter\\driven\\infra\\PedidoRepository.ts","statementMap":{"0":{"start":{"line":7,"column":4},"end":{"line":13,"column":5}},"1":{"start":{"line":8,"column":18},"end":{"line":8,"column":61}},"2":{"start":{"line":9,"column":22},"end":{"line":9,"column":43}},"3":{"start":{"line":10,"column":6},"end":{"line":10,"column":23}},"4":{"start":{"line":12,"column":6},"end":{"line":12,"column":18}},"5":{"start":{"line":20,"column":4},"end":{"line":30,"column":5}},"6":{"start":{"line":21,"column":22},"end":{"line":21,"column":96}},"7":{"start":{"line":22,"column":18},"end":{"line":22,"column":43}},"8":{"start":{"line":23,"column":6},"end":{"line":27,"column":7}},"9":{"start":{"line":24,"column":19},"end":{"line":24,"column":27}},"10":{"start":{"line":25,"column":26},"end":{"line":25,"column":107}},"11":{"start":{"line":26,"column":21},"end":{"line":26,"column":48}},"12":{"start":{"line":29,"column":6},"end":{"line":29,"column":18}},"13":{"start":{"line":33,"column":4},"end":{"line":40,"column":5}},"14":{"start":{"line":34,"column":18},"end":{"line":36,"column":49}},"15":{"start":{"line":37,"column":6},"end":{"line":37,"column":28}},"16":{"start":{"line":39,"column":6},"end":{"line":39,"column":18}},"17":{"start":{"line":43,"column":4},"end":{"line":49,"column":5}},"18":{"start":{"line":44,"column":18},"end":{"line":44,"column":98}},"19":{"start":{"line":45,"column":25},"end":{"line":45,"column":46}},"20":{"start":{"line":46,"column":6},"end":{"line":46,"column":26}},"21":{"start":{"line":48,"column":6},"end":{"line":48,"column":18}},"22":{"start":{"line":52,"column":4},"end":{"line":92,"column":5}},"23":{"start":{"line":53,"column":18},"end":{"line":53,"column":105}},"24":{"start":{"line":54,"column":20},"end":{"line":54,"column":41}},"25":{"start":{"line":55,"column":19},"end":{"line":55,"column":71}},"26":{"start":{"line":56,"column":26},"end":{"line":56,"column":48}},"27":{"start":{"line":57,"column":42},"end":{"line":57,"column":44}},"28":{"start":{"line":58,"column":21},"end":{"line":58,"column":33}},"29":{"start":{"line":59,"column":6},"end":{"line":78,"column":7}},"30":{"start":{"line":60,"column":8},"end":{"line":77,"column":9}},"31":{"start":{"line":61,"column":37},"end":{"line":61,"column":39}},"32":{"start":{"line":62,"column":10},"end":{"line":68,"column":11}},"33":{"start":{"line":63,"column":12},"end":{"line":67,"column":13}},"34":{"start":{"line":64,"column":27},"end":{"line":64,"column":87}},"35":{"start":{"line":65,"column":28},"end":{"line":65,"column":50}},"36":{"start":{"line":66,"column":14},"end":{"line":66,"column":37}},"37":{"start":{"line":69,"column":10},"end":{"line":76,"column":13}},"38":{"start":{"line":79,"column":19},"end":{"line":81,"column":7}},"39":{"start":{"line":80,"column":16},"end":{"line":80,"column":51}},"40":{"start":{"line":82,"column":21},"end":{"line":84,"column":7}},"41":{"start":{"line":83,"column":16},"end":{"line":83,"column":53}},"42":{"start":{"line":85,"column":25},"end":{"line":87,"column":7}},"43":{"start":{"line":86,"column":16},"end":{"line":86,"column":58}},"44":{"start":{"line":88,"column":29},"end":{"line":88,"column":66}},"45":{"start":{"line":89,"column":6},"end":{"line":89,"column":30}},"46":{"start":{"line":91,"column":6},"end":{"line":91,"column":18}}},"fnMap":{"0":{"name":"(anonymous_0)","decl":{"start":{"line":6,"column":2},"end":{"line":6,"column":3}},"loc":{"start":{"line":6,"column":38},"end":{"line":14,"column":3}},"line":6},"1":{"name":"(anonymous_1)","decl":{"start":{"line":15,"column":2},"end":{"line":15,"column":3}},"loc":{"start":{"line":15,"column":68},"end":{"line":31,"column":3}},"line":15},"2":{"name":"(anonymous_2)","decl":{"start":{"line":32,"column":2},"end":{"line":32,"column":3}},"loc":{"start":{"line":32,"column":54},"end":{"line":41,"column":3}},"line":32},"3":{"name":"(anonymous_3)","decl":{"start":{"line":42,"column":2},"end":{"line":42,"column":3}},"loc":{"start":{"line":42,"column":56},"end":{"line":50,"column":3}},"line":42},"4":{"name":"(anonymous_4)","decl":{"start":{"line":51,"column":2},"end":{"line":51,"column":3}},"loc":{"start":{"line":51,"column":17},"end":{"line":93,"column":3}},"line":51},"5":{"name":"(anonymous_5)","decl":{"start":{"line":80,"column":8},"end":{"line":80,"column":9}},"loc":{"start":{"line":80,"column":16},"end":{"line":80,"column":51}},"line":80},"6":{"name":"(anonymous_6)","decl":{"start":{"line":83,"column":8},"end":{"line":83,"column":9}},"loc":{"start":{"line":83,"column":16},"end":{"line":83,"column":53}},"line":83},"7":{"name":"(anonymous_7)","decl":{"start":{"line":86,"column":8},"end":{"line":86,"column":9}},"loc":{"start":{"line":86,"column":16},"end":{"line":86,"column":58}},"line":86}},"branchMap":{"0":{"loc":{"start":{"line":23,"column":6},"end":{"line":27,"column":7}},"type":"if","locations":[{"start":{"line":23,"column":6},"end":{"line":27,"column":7}},{"start":{},"end":{}}],"line":23},"1":{"loc":{"start":{"line":35,"column":8},"end":{"line":35,"column":33}},"type":"cond-expr","locations":[{"start":{"line":35,"column":20},"end":{"line":35,"column":29}},{"start":{"line":35,"column":32},"end":{"line":35,"column":33}}],"line":35},"2":{"loc":{"start":{"line":60,"column":8},"end":{"line":77,"column":9}},"type":"if","locations":[{"start":{"line":60,"column":8},"end":{"line":77,"column":9}},{"start":{},"end":{}}],"line":60},"3":{"loc":{"start":{"line":63,"column":12},"end":{"line":67,"column":13}},"type":"if","locations":[{"start":{"line":63,"column":12},"end":{"line":67,"column":13}},{"start":{},"end":{}}],"line":63},"4":{"loc":{"start":{"line":72,"column":23},"end":{"line":72,"column":58}},"type":"cond-expr","locations":[{"start":{"line":72,"column":40},"end":{"line":72,"column":54}},{"start":{"line":72,"column":57},"end":{"line":72,"column":58}}],"line":72},"5":{"loc":{"start":{"line":74,"column":25},"end":{"line":74,"column":64}},"type":"cond-expr","locations":[{"start":{"line":74,"column":44},"end":{"line":74,"column":60}},{"start":{"line":74,"column":63},"end":{"line":74,"column":64}}],"line":74},"6":{"loc":{"start":{"line":75,"column":19},"end":{"line":75,"column":46}},"type":"cond-expr","locations":[{"start":{"line":75,"column":32},"end":{"line":75,"column":42}},{"start":{"line":75,"column":45},"end":{"line":75,"column":46}}],"line":75}},"s":{"0":2,"1":2,"2":2,"3":1,"4":1,"5":3,"6":3,"7":3,"8":2,"9":2,"10":2,"11":2,"12":2,"13":2,"14":2,"15":2,"16":1,"17":2,"18":2,"19":2,"20":1,"21":1,"22":2,"23":2,"24":2,"25":1,"26":1,"27":1,"28":1,"29":1,"30":1,"31":1,"32":1,"33":1,"34":1,"35":1,"36":1,"37":1,"38":1,"39":1,"40":1,"41":1,"42":1,"43":1,"44":1,"45":1,"46":1},"f":{"0":2,"1":3,"2":2,"3":2,"4":2,"5":1,"6":1,"7":1},"b":{"0":[2,0],"1":[2,0],"2":[1,0],"3":[1,0],"4":[1,0],"5":[1,0],"6":[1,0]},"_coverageSchema":"1a1c01bbd47fc00a2c39e90264f33305004495a9","hash":"7bbb1fbb588df25b90bf0bd6bda449e913aaea98"}
,"C:\\Users\\airton.junior\\Documents\\GitHub\\TechChallenge-Producao\\src\\adapter\\driven\\infra\\UsuarioRepository.ts": {"path":"C:\\Users\\airton.junior\\Documents\\GitHub\\TechChallenge-Producao\\src\\adapter\\driven\\infra\\UsuarioRepository.ts","statementMap":{"0":{"start":{"line":5,"column":10},"end":{"line":5,"column":33}},"1":{"start":{"line":9,"column":16},"end":{"line":9,"column":71}},"2":{"start":{"line":10,"column":24},"end":{"line":10,"column":45}},"3":{"start":{"line":11,"column":4},"end":{"line":15,"column":5}},"4":{"start":{"line":12,"column":6},"end":{"line":12,"column":18}},"5":{"start":{"line":14,"column":6},"end":{"line":14,"column":19}},"6":{"start":{"line":19,"column":4},"end":{"line":50,"column":5}},"7":{"start":{"line":20,"column":18},"end":{"line":20,"column":81}},"8":{"start":{"line":21,"column":26},"end":{"line":21,"column":47}},"9":{"start":{"line":22,"column":6},"end":{"line":47,"column":7}},"10":{"start":{"line":23,"column":27},"end":{"line":23,"column":43}},"11":{"start":{"line":24,"column":8},"end":{"line":24,"column":61}},"12":{"start":{"line":25,"column":8},"end":{"line":25,"column":68}},"13":{"start":{"line":26,"column":8},"end":{"line":45,"column":9}},"14":{"start":{"line":27,"column":28},"end":{"line":27,"column":47}},"15":{"start":{"line":28,"column":10},"end":{"line":44,"column":11}},"16":{"start":{"line":29,"column":24},"end":{"line":40,"column":13}},"17":{"start":{"line":41,"column":28},"end":{"line":41,"column":105}},"18":{"start":{"line":42,"column":12},"end":{"line":42,"column":38}},"19":{"start":{"line":43,"column":12},"end":{"line":43,"column":25}},"20":{"start":{"line":46,"column":8},"end":{"line":46,"column":25}},"21":{"start":{"line":49,"column":6},"end":{"line":49,"column":16}},"22":{"start":{"line":54,"column":4},"end":{"line":78,"column":5}},"23":{"start":{"line":55,"column":18},"end":{"line":55,"column":77}},"24":{"start":{"line":56,"column":26},"end":{"line":56,"column":47}},"25":{"start":{"line":57,"column":6},"end":{"line":75,"column":7}},"26":{"start":{"line":58,"column":27},"end":{"line":58,"column":43}},"27":{"start":{"line":59,"column":20},"end":{"line":71,"column":9}},"28":{"start":{"line":72,"column":24},"end":{"line":72,"column":101}},"29":{"start":{"line":73,"column":8},"end":{"line":73,"column":34}},"30":{"start":{"line":74,"column":8},"end":{"line":74,"column":21}},"31":{"start":{"line":77,"column":6},"end":{"line":77,"column":18}}},"fnMap":{"0":{"name":"(anonymous_0)","decl":{"start":{"line":8,"column":2},"end":{"line":8,"column":3}},"loc":{"start":{"line":8,"column":66},"end":{"line":16,"column":3}},"line":8},"1":{"name":"(anonymous_1)","decl":{"start":{"line":18,"column":2},"end":{"line":18,"column":3}},"loc":{"start":{"line":18,"column":78},"end":{"line":51,"column":3}},"line":18},"2":{"name":"(anonymous_2)","decl":{"start":{"line":53,"column":2},"end":{"line":53,"column":3}},"loc":{"start":{"line":53,"column":72},"end":{"line":79,"column":3}},"line":53}},"branchMap":{"0":{"loc":{"start":{"line":11,"column":4},"end":{"line":15,"column":5}},"type":"if","locations":[{"start":{"line":11,"column":4},"end":{"line":15,"column":5}},{"start":{"line":13,"column":11},"end":{"line":15,"column":5}}],"line":11},"1":{"loc":{"start":{"line":22,"column":6},"end":{"line":47,"column":7}},"type":"if","locations":[{"start":{"line":22,"column":6},"end":{"line":47,"column":7}},{"start":{},"end":{}}],"line":22},"2":{"loc":{"start":{"line":26,"column":8},"end":{"line":45,"column":9}},"type":"if","locations":[{"start":{"line":26,"column":8},"end":{"line":45,"column":9}},{"start":{},"end":{}}],"line":26},"3":{"loc":{"start":{"line":26,"column":12},"end":{"line":26,"column":73}},"type":"binary-expr","locations":[{"start":{"line":26,"column":12},"end":{"line":26,"column":38}},{"start":{"line":26,"column":42},"end":{"line":26,"column":73}}],"line":26},"4":{"loc":{"start":{"line":28,"column":10},"end":{"line":44,"column":11}},"type":"if","locations":[{"start":{"line":28,"column":10},"end":{"line":44,"column":11}},{"start":{},"end":{}}],"line":28},"5":{"loc":{"start":{"line":57,"column":6},"end":{"line":75,"column":7}},"type":"if","locations":[{"start":{"line":57,"column":6},"end":{"line":75,"column":7}},{"start":{},"end":{}}],"line":57}},"s":{"0":2,"1":2,"2":2,"3":2,"4":1,"5":1,"6":4,"7":4,"8":4,"9":3,"10":2,"11":2,"12":2,"13":2,"14":1,"15":1,"16":1,"17":1,"18":1,"19":1,"20":1,"21":1,"22":3,"23":3,"24":3,"25":2,"26":1,"27":1,"28":1,"29":1,"30":1,"31":1},"f":{"0":2,"1":4,"2":3},"b":{"0":[1,1],"1":[2,1],"2":[1,1],"3":[2,2],"4":[1,0],"5":[1,1]},"_coverageSchema":"1a1c01bbd47fc00a2c39e90264f33305004495a9","hash":"d25d02c0516f3581b57f04f94cfc6e4772e095e8"}
,"C:\\Users\\airton.junior\\Documents\\GitHub\\TechChallenge-Producao\\src\\adapter\\driver\\PedidoController.ts": {"path":"C:\\Users\\airton.junior\\Documents\\GitHub\\TechChallenge-Producao\\src\\adapter\\driver\\PedidoController.ts","statementMap":{"0":{"start":{"line":8,"column":4},"end":{"line":8,"column":39}},"1":{"start":{"line":12,"column":4},"end":{"line":17,"column":5}},"2":{"start":{"line":13,"column":20},"end":{"line":13,"column":60}},"3":{"start":{"line":14,"column":6},"end":{"line":14,"column":36}},"4":{"start":{"line":16,"column":6},"end":{"line":16,"column":18}},"5":{"start":{"line":21,"column":4},"end":{"line":26,"column":5}},"6":{"start":{"line":22,"column":18},"end":{"line":22,"column":55}},"7":{"start":{"line":23,"column":6},"end":{"line":23,"column":34}},"8":{"start":{"line":25,"column":6},"end":{"line":25,"column":18}},"9":{"start":{"line":30,"column":4},"end":{"line":35,"column":5}},"10":{"start":{"line":31,"column":6},"end":{"line":31,"column":60}},"11":{"start":{"line":32,"column":6},"end":{"line":32,"column":66}},"12":{"start":{"line":34,"column":6},"end":{"line":34,"column":18}}},"fnMap":{"0":{"name":"(anonymous_0)","decl":{"start":{"line":7,"column":2},"end":{"line":7,"column":3}},"loc":{"start":{"line":7,"column":44},"end":{"line":9,"column":3}},"line":7},"1":{"name":"(anonymous_1)","decl":{"start":{"line":11,"column":2},"end":{"line":11,"column":3}},"loc":{"start":{"line":11,"column":36},"end":{"line":18,"column":3}},"line":11},"2":{"name":"(anonymous_2)","decl":{"start":{"line":20,"column":2},"end":{"line":20,"column":3}},"loc":{"start":{"line":20,"column":34},"end":{"line":27,"column":3}},"line":20},"3":{"name":"(anonymous_3)","decl":{"start":{"line":29,"column":2},"end":{"line":29,"column":3}},"loc":{"start":{"line":29,"column":68},"end":{"line":36,"column":3}},"line":29}},"branchMap":{},"s":{"0":6,"1":2,"2":2,"3":1,"4":1,"5":2,"6":2,"7":1,"8":1,"9":2,"10":2,"11":1,"12":1},"f":{"0":6,"1":2,"2":2,"3":2},"b":{},"_coverageSchema":"1a1c01bbd47fc00a2c39e90264f33305004495a9","hash":"7151525540053e7d4feda3724dd7e2cf95c7f5f9"}
,"C:\\Users\\airton.junior\\Documents\\GitHub\\TechChallenge-Producao\\src\\adapter\\driver\\UsuarioController.ts": {"path":"C:\\Users\\airton.junior\\Documents\\GitHub\\TechChallenge-Producao\\src\\adapter\\driver\\UsuarioController.ts","statementMap":{"0":{"start":{"line":10,"column":4},"end":{"line":15,"column":5}},"1":{"start":{"line":11,"column":20},"end":{"line":11,"column":57}},"2":{"start":{"line":12,"column":6},"end":{"line":12,"column":69}},"3":{"start":{"line":14,"column":6},"end":{"line":14,"column":63}},"4":{"start":{"line":18,"column":4},"end":{"line":23,"column":5}},"5":{"start":{"line":19,"column":20},"end":{"line":19,"column":48}},"6":{"start":{"line":20,"column":6},"end":{"line":20,"column":63}},"7":{"start":{"line":22,"column":6},"end":{"line":22,"column":57}}},"fnMap":{"0":{"name":"(anonymous_0)","decl":{"start":{"line":5,"column":2},"end":{"line":5,"column":3}},"loc":{"start":{"line":8,"column":4},"end":{"line":8,"column":6}},"line":8},"1":{"name":"(anonymous_1)","decl":{"start":{"line":9,"column":2},"end":{"line":9,"column":3}},"loc":{"start":{"line":9,"column":70},"end":{"line":16,"column":3}},"line":9},"2":{"name":"(anonymous_2)","decl":{"start":{"line":17,"column":2},"end":{"line":17,"column":3}},"loc":{"start":{"line":17,"column":48},"end":{"line":24,"column":3}},"line":17}},"branchMap":{},"s":{"0":2,"1":2,"2":2,"3":1,"4":2,"5":2,"6":2,"7":1},"f":{"0":4,"1":2,"2":2},"b":{},"_coverageSchema":"1a1c01bbd47fc00a2c39e90264f33305004495a9","hash":"3faeb32b14b33221eb70aae3f799d0e8930ead2b"}
,"C:\\Users\\airton.junior\\Documents\\GitHub\\TechChallenge-Producao\\src\\adapter\\middleware\\autenticacao.middleware.ts": {"path":"C:\\Users\\airton.junior\\Documents\\GitHub\\TechChallenge-Producao\\src\\adapter\\middleware\\autenticacao.middleware.ts","statementMap":{"0":{"start":{"line":5,"column":2},"end":{"line":21,"column":4}},"1":{"start":{"line":6,"column":18},"end":{"line":6,"column":43}},"2":{"start":{"line":8,"column":4},"end":{"line":12,"column":5}},"3":{"start":{"line":9,"column":6},"end":{"line":11,"column":65}},"4":{"start":{"line":14,"column":28},"end":{"line":14,"column":68}},"5":{"start":{"line":16,"column":4},"end":{"line":20,"column":5}},"6":{"start":{"line":17,"column":6},"end":{"line":17,"column":64}},"7":{"start":{"line":19,"column":6},"end":{"line":19,"column":13}}},"fnMap":{"0":{"name":"autenticacaoMiddleware","decl":{"start":{"line":4,"column":16},"end":{"line":4,"column":38}},"loc":{"start":{"line":4,"column":71},"end":{"line":22,"column":1}},"line":4},"1":{"name":"(anonymous_1)","decl":{"start":{"line":5,"column":9},"end":{"line":5,"column":10}},"loc":{"start":{"line":5,"column":74},"end":{"line":21,"column":3}},"line":5}},"branchMap":{"0":{"loc":{"start":{"line":8,"column":4},"end":{"line":12,"column":5}},"type":"if","locations":[{"start":{"line":8,"column":4},"end":{"line":12,"column":5}},{"start":{},"end":{}}],"line":8},"1":{"loc":{"start":{"line":16,"column":4},"end":{"line":20,"column":5}},"type":"if","locations":[{"start":{"line":16,"column":4},"end":{"line":20,"column":5}},{"start":{"line":18,"column":11},"end":{"line":20,"column":5}}],"line":16}},"s":{"0":3,"1":3,"2":3,"3":1,"4":2,"5":2,"6":1,"7":1},"f":{"0":3,"1":3},"b":{"0":[1,2],"1":[1,1]},"_coverageSchema":"1a1c01bbd47fc00a2c39e90264f33305004495a9","hash":"bd7c66896f8a0a7e7d90e7167b38f96eed32aa08"}
,"C:\\Users\\airton.junior\\Documents\\GitHub\\TechChallenge-Producao\\src\\config\\database.ts": {"path":"C:\\Users\\airton.junior\\Documents\\GitHub\\TechChallenge-Producao\\src\\config\\database.ts","statementMap":{"0":{"start":{"line":3,"column":15},"end":{"line":9,"column":2}},"1":{"start":{"line":11,"column":24},"end":{"line":16,"column":1}},"2":{"start":{"line":12,"column":2},"end":{"line":12,"column":25}},"3":{"start":{"line":13,"column":14},"end":{"line":13,"column":39}},"4":{"start":{"line":14,"column":15},"end":{"line":14,"column":18}},"5":{"start":{"line":15,"column":2},"end":{"line":15,"column":21}}},"fnMap":{"0":{"name":"(anonymous_0)","decl":{"start":{"line":11,"column":24},"end":{"line":11,"column":25}},"loc":{"start":{"line":11,"column":49},"end":{"line":16,"column":1}},"line":11}},"branchMap":{},"s":{"0":3,"1":3,"2":2,"3":2,"4":1,"5":1},"f":{"0":2},"b":{},"_coverageSchema":"1a1c01bbd47fc00a2c39e90264f33305004495a9","hash":"46fb873099b66a587a5c18ddf43ac6bb1f5b338f"}
,"C:\\Users\\airton.junior\\Documents\\GitHub\\TechChallenge-Producao\\src\\core\\domain\\models\\Usuario.ts": {"path":"C:\\Users\\airton.junior\\Documents\\GitHub\\TechChallenge-Producao\\src\\core\\domain\\models\\Usuario.ts","statementMap":{"0":{"start":{"line":19,"column":4},"end":{"line":19,"column":21}},"1":{"start":{"line":20,"column":4},"end":{"line":20,"column":23}},"2":{"start":{"line":21,"column":4},"end":{"line":21,"column":19}},"3":{"start":{"line":22,"column":4},"end":{"line":22,"column":21}},"4":{"start":{"line":23,"column":4},"end":{"line":23,"column":23}},"5":{"start":{"line":24,"column":4},"end":{"line":24,"column":23}},"6":{"start":{"line":25,"column":4},"end":{"line":25,"column":17}}},"fnMap":{"0":{"name":"(anonymous_0)","decl":{"start":{"line":10,"column":2},"end":{"line":10,"column":3}},"loc":{"start":{"line":18,"column":4},"end":{"line":26,"column":3}},"line":18}},"branchMap":{},"s":{"0":14,"1":14,"2":14,"3":14,"4":14,"5":14,"6":14},"f":{"0":14},"b":{},"_coverageSchema":"1a1c01bbd47fc00a2c39e90264f33305004495a9","hash":"e8fc8af5868218e6a7d07036c646968c5fd69bc5"}
,"C:\\Users\\airton.junior\\Documents\\GitHub\\TechChallenge-Producao\\src\\core\\domain\\useCases\\Pedido\\PedidoUseCase.ts": {"path":"C:\\Users\\airton.junior\\Documents\\GitHub\\TechChallenge-Producao\\src\\core\\domain\\useCases\\Pedido\\PedidoUseCase.ts","statementMap":{"0":{"start":{"line":9,"column":4},"end":{"line":9,"column":45}},"1":{"start":{"line":13,"column":4},"end":{"line":13,"column":42}},"2":{"start":{"line":18,"column":4},"end":{"line":18,"column":49}},"3":{"start":{"line":22,"column":4},"end":{"line":22,"column":61}},"4":{"start":{"line":26,"column":4},"end":{"line":26,"column":57}}},"fnMap":{"0":{"name":"(anonymous_0)","decl":{"start":{"line":8,"column":2},"end":{"line":8,"column":3}},"loc":{"start":{"line":8,"column":50},"end":{"line":10,"column":3}},"line":8},"1":{"name":"(anonymous_1)","decl":{"start":{"line":12,"column":2},"end":{"line":12,"column":3}},"loc":{"start":{"line":12,"column":52},"end":{"line":14,"column":3}},"line":12},"2":{"name":"(anonymous_2)","decl":{"start":{"line":16,"column":2},"end":{"line":16,"column":3}},"loc":{"start":{"line":16,"column":35},"end":{"line":19,"column":3}},"line":16},"3":{"name":"(anonymous_3)","decl":{"start":{"line":21,"column":2},"end":{"line":21,"column":3}},"loc":{"start":{"line":21,"column":68},"end":{"line":23,"column":3}},"line":21},"4":{"name":"(anonymous_4)","decl":{"start":{"line":25,"column":2},"end":{"line":25,"column":3}},"loc":{"start":{"line":25,"column":67},"end":{"line":27,"column":3}},"line":25}},"branchMap":{},"s":{"0":6,"1":1,"2":1,"3":2,"4":2},"f":{"0":6,"1":1,"2":1,"3":2,"4":2},"b":{},"_coverageSchema":"1a1c01bbd47fc00a2c39e90264f33305004495a9","hash":"7c1c5c9d9c7e3106b370156d1b262f23d1ff557f"}
,"C:\\Users\\airton.junior\\Documents\\GitHub\\TechChallenge-Producao\\src\\core\\domain\\useCases\\Usuario\\UsuarioUseCase.ts": {"path":"C:\\Users\\airton.junior\\Documents\\GitHub\\TechChallenge-Producao\\src\\core\\domain\\useCases\\Usuario\\UsuarioUseCase.ts","statementMap":{"0":{"start":{"line":8,"column":4},"end":{"line":8,"column":47}},"1":{"start":{"line":12,"column":4},"end":{"line":23,"column":5}},"2":{"start":{"line":13,"column":28},"end":{"line":15,"column":7}},"3":{"start":{"line":16,"column":6},"end":{"line":20,"column":7}},"4":{"start":{"line":17,"column":8},"end":{"line":17,"column":55}},"5":{"start":{"line":19,"column":8},"end":{"line":19,"column":46}},"6":{"start":{"line":22,"column":6},"end":{"line":22,"column":37}},"7":{"start":{"line":26,"column":4},"end":{"line":37,"column":5}},"8":{"start":{"line":27,"column":28},"end":{"line":29,"column":7}},"9":{"start":{"line":30,"column":6},"end":{"line":34,"column":7}},"10":{"start":{"line":31,"column":8},"end":{"line":31,"column":55}},"11":{"start":{"line":33,"column":8},"end":{"line":33,"column":46}},"12":{"start":{"line":36,"column":6},"end":{"line":36,"column":37}},"13":{"start":{"line":41,"column":4},"end":{"line":46,"column":5}},"14":{"start":{"line":42,"column":24},"end":{"line":42,"column":72}},"15":{"start":{"line":43,"column":6},"end":{"line":43,"column":25}},"16":{"start":{"line":45,"column":6},"end":{"line":45,"column":37}}},"fnMap":{"0":{"name":"(anonymous_0)","decl":{"start":{"line":7,"column":2},"end":{"line":7,"column":3}},"loc":{"start":{"line":7,"column":52},"end":{"line":9,"column":3}},"line":7},"1":{"name":"(anonymous_1)","decl":{"start":{"line":11,"column":2},"end":{"line":11,"column":3}},"loc":{"start":{"line":11,"column":59},"end":{"line":24,"column":3}},"line":11},"2":{"name":"(anonymous_2)","decl":{"start":{"line":25,"column":2},"end":{"line":25,"column":3}},"loc":{"start":{"line":25,"column":53},"end":{"line":38,"column":3}},"line":25},"3":{"name":"(anonymous_3)","decl":{"start":{"line":40,"column":2},"end":{"line":40,"column":3}},"loc":{"start":{"line":40,"column":36},"end":{"line":47,"column":3}},"line":40}},"branchMap":{"0":{"loc":{"start":{"line":16,"column":6},"end":{"line":20,"column":7}},"type":"if","locations":[{"start":{"line":16,"column":6},"end":{"line":20,"column":7}},{"start":{"line":18,"column":13},"end":{"line":20,"column":7}}],"line":16},"1":{"loc":{"start":{"line":30,"column":6},"end":{"line":34,"column":7}},"type":"if","locations":[{"start":{"line":30,"column":6},"end":{"line":34,"column":7}},{"start":{"line":32,"column":13},"end":{"line":34,"column":7}}],"line":30}},"s":{"0":9,"1":3,"2":3,"3":2,"4":1,"5":1,"6":1,"7":3,"8":3,"9":2,"10":1,"11":1,"12":1,"13":3,"14":3,"15":2,"16":1},"f":{"0":9,"1":3,"2":3,"3":3},"b":{"0":[1,1],"1":[1,1]},"_coverageSchema":"1a1c01bbd47fc00a2c39e90264f33305004495a9","hash":"4e538a3b1d39710cf88315dd6190890e417c3221"}
,"C:\\Users\\airton.junior\\Documents\\GitHub\\TechChallenge-Producao\\src\\core\\domain\\valueObjects\\GerarHash.ts": {"path":"C:\\Users\\airton.junior\\Documents\\GitHub\\TechChallenge-Producao\\src\\core\\domain\\valueObjects\\GerarHash.ts","statementMap":{"0":{"start":{"line":5,"column":17},"end":{"line":5,"column":55}},"1":{"start":{"line":6,"column":23},"end":{"line":12,"column":5}},"2":{"start":{"line":13,"column":17},"end":{"line":13,"column":43}},"3":{"start":{"line":14,"column":4},"end":{"line":14,"column":29}},"4":{"start":{"line":24,"column":4},"end":{"line":39,"column":7}},"5":{"start":{"line":25,"column":6},"end":{"line":38,"column":8}},"6":{"start":{"line":32,"column":10},"end":{"line":36,"column":11}},"7":{"start":{"line":33,"column":12},"end":{"line":33,"column":24}},"8":{"start":{"line":35,"column":12},"end":{"line":35,"column":32}}},"fnMap":{"0":{"name":"(anonymous_0)","decl":{"start":{"line":4,"column":2},"end":{"line":4,"column":3}},"loc":{"start":{"line":4,"column":53},"end":{"line":15,"column":3}},"line":4},"1":{"name":"(anonymous_1)","decl":{"start":{"line":17,"column":2},"end":{"line":17,"column":3}},"loc":{"start":{"line":23,"column":21},"end":{"line":40,"column":3}},"line":23},"2":{"name":"(anonymous_2)","decl":{"start":{"line":24,"column":31},"end":{"line":24,"column":32}},"loc":{"start":{"line":24,"column":52},"end":{"line":39,"column":5}},"line":24},"3":{"name":"(anonymous_3)","decl":{"start":{"line":31,"column":8},"end":{"line":31,"column":9}},"loc":{"start":{"line":31,"column":29},"end":{"line":37,"column":9}},"line":31}},"branchMap":{"0":{"loc":{"start":{"line":32,"column":10},"end":{"line":36,"column":11}},"type":"if","locations":[{"start":{"line":32,"column":10},"end":{"line":36,"column":11}},{"start":{"line":34,"column":17},"end":{"line":36,"column":11}}],"line":32}},"s":{"0":3,"1":3,"2":3,"3":3,"4":3,"5":3,"6":3,"7":0,"8":3},"f":{"0":3,"1":3,"2":3,"3":3},"b":{"0":[0,3]},"_coverageSchema":"1a1c01bbd47fc00a2c39e90264f33305004495a9","hash":"9138e7fdeb35d6b41b07e967bd6c2ea6c9568ef4"}
,"C:\\Users\\airton.junior\\Documents\\GitHub\\TechChallenge-Producao\\src\\core\\domain\\valueObjects\\VerificaSenha.ts": {"path":"C:\\Users\\airton.junior\\Documents\\GitHub\\TechChallenge-Producao\\src\\core\\domain\\valueObjects\\VerificaSenha.ts","statementMap":{"0":{"start":{"line":5,"column":25},"end":{"line":5,"column":45}},"1":{"start":{"line":6,"column":23},"end":{"line":12,"column":5}},"2":{"start":{"line":13,"column":32},"end":{"line":13,"column":58}},"3":{"start":{"line":14,"column":4},"end":{"line":14,"column":40}},"4":{"start":{"line":24,"column":4},"end":{"line":39,"column":7}},"5":{"start":{"line":25,"column":6},"end":{"line":38,"column":8}},"6":{"start":{"line":32,"column":10},"end":{"line":36,"column":11}},"7":{"start":{"line":33,"column":12},"end":{"line":33,"column":24}},"8":{"start":{"line":35,"column":12},"end":{"line":35,"column":32}}},"fnMap":{"0":{"name":"(anonymous_0)","decl":{"start":{"line":4,"column":2},"end":{"line":4,"column":3}},"loc":{"start":{"line":4,"column":74},"end":{"line":15,"column":3}},"line":4},"1":{"name":"(anonymous_1)","decl":{"start":{"line":17,"column":2},"end":{"line":17,"column":3}},"loc":{"start":{"line":23,"column":21},"end":{"line":40,"column":3}},"line":23},"2":{"name":"(anonymous_2)","decl":{"start":{"line":24,"column":31},"end":{"line":24,"column":32}},"loc":{"start":{"line":24,"column":52},"end":{"line":39,"column":5}},"line":24},"3":{"name":"(anonymous_3)","decl":{"start":{"line":31,"column":8},"end":{"line":31,"column":9}},"loc":{"start":{"line":31,"column":29},"end":{"line":37,"column":9}},"line":31}},"branchMap":{"0":{"loc":{"start":{"line":32,"column":10},"end":{"line":36,"column":11}},"type":"if","locations":[{"start":{"line":32,"column":10},"end":{"line":36,"column":11}},{"start":{"line":34,"column":17},"end":{"line":36,"column":11}}],"line":32}},"s":{"0":3,"1":3,"2":2,"3":2,"4":4,"5":4,"6":2,"7":0,"8":2},"f":{"0":3,"1":4,"2":4,"3":2},"b":{"0":[0,2]},"_coverageSchema":"1a1c01bbd47fc00a2c39e90264f33305004495a9","hash":"c9dfff88ac289bc6439e999b1c05f5fe324a6bab"}
,"C:\\Users\\airton.junior\\Documents\\GitHub\\TechChallenge-Producao\\src\\core\\domain\\valueObjects\\cpf.ts": {"path":"C:\\Users\\airton.junior\\Documents\\GitHub\\TechChallenge-Producao\\src\\core\\domain\\valueObjects\\cpf.ts","statementMap":{"0":{"start":{"line":7,"column":8},"end":{"line":7,"column":43}},"1":{"start":{"line":11,"column":8},"end":{"line":11,"column":34}}},"fnMap":{"0":{"name":"(anonymous_0)","decl":{"start":{"line":6,"column":4},"end":{"line":6,"column":5}},"loc":{"start":{"line":6,"column":31},"end":{"line":8,"column":5}},"line":6},"1":{"name":"(anonymous_1)","decl":{"start":{"line":10,"column":4},"end":{"line":10,"column":5}},"loc":{"start":{"line":10,"column":46},"end":{"line":12,"column":5}},"line":10}},"branchMap":{},"s":{"0":4,"1":4},"f":{"0":4,"1":4},"b":{},"_coverageSchema":"1a1c01bbd47fc00a2c39e90264f33305004495a9","hash":"c378a7464f15fe45b02905b3c7d1f0565353f228"}
}
