TN:
SF:src\adapter\driven\infra\PedidoRepository.ts
FN:6,(anonymous_0)
FN:16,(anonymous_1)
FN:36,(anonymous_2)
FN:46,(anonymous_3)
FN:63,(anonymous_4)
FN:93,(anonymous_5)
FN:96,(anonymous_6)
FN:99,(anonymous_7)
FNF:8
FNH:8
FNDA:2,(anonymous_0)
FNDA:3,(anonymous_1)
FNDA:2,(anonymous_2)
FNDA:2,(anonymous_3)
FNDA:2,(anonymous_4)
FNDA:1,(anonymous_5)
FNDA:1,(anonymous_6)
FNDA:1,(anonymous_7)
DA:7,2
DA:8,2
DA:9,2
DA:11,1
DA:13,1
DA:22,3
DA:23,3
DA:24,3
DA:26,2
DA:27,2
DA:28,2
DA:29,2
DA:33,2
DA:37,2
DA:38,2
DA:41,2
DA:43,1
DA:47,2
DA:48,2
DA:49,2
DA:58,1
DA:60,1
DA:64,2
DA:65,2
DA:66,2
DA:67,1
DA:68,1
DA:69,1
DA:70,1
DA:72,1
DA:73,1
DA:74,1
DA:75,1
DA:76,1
DA:77,1
DA:78,1
DA:79,1
DA:82,1
DA:92,1
DA:93,1
DA:95,1
DA:96,1
DA:98,1
DA:99,1
DA:101,1
DA:103,1
DA:106,1
LF:47
LH:47
BRDA:26,0,0,2
BRDA:26,0,1,0
BRDA:39,1,0,2
BRDA:39,1,1,0
BRDA:73,2,0,1
BRDA:73,2,1,0
BRDA:76,3,0,1
BRDA:76,3,1,0
BRDA:85,4,0,1
BRDA:85,4,1,0
BRDA:87,5,0,1
BRDA:87,5,1,0
BRDA:88,6,0,1
BRDA:88,6,1,0
BRF:14
BRH:7
end_of_record
TN:
SF:src\adapter\driven\infra\UsuarioRepository.ts
FN:8,(anonymous_0)
FN:24,(anonymous_1)
FN:69,(anonymous_2)
FNF:3
FNH:3
FNDA:2,(anonymous_0)
FNDA:1,(anonymous_1)
FNDA:1,(anonymous_2)
DA:5,3
DA:9,2
DA:10,2
DA:16,2
DA:17,1
DA:19,1
DA:31,1
DA:32,1
DA:35,1
DA:36,1
DA:37,1
DA:38,1
DA:39,1
DA:40,1
DA:57,1
DA:58,1
DA:59,1
DA:62,0
DA:66,0
DA:70,1
DA:71,1
DA:72,1
DA:73,1
DA:74,1
DA:75,1
DA:88,1
DA:89,1
DA:90,1
DA:93,0
LF:29
LH:26
BRDA:16,0,0,1
BRDA:16,0,1,1
BRDA:35,1,0,1
BRDA:35,1,1,0
BRDA:37,2,0,1
BRDA:37,2,1,0
BRDA:37,3,0,1
BRDA:37,3,1,1
BRDA:39,4,0,1
BRDA:39,4,1,0
BRDA:73,5,0,1
BRDA:73,5,1,0
BRF:12
BRH:8
end_of_record
TN:
SF:src\adapter\driver\PedidoController.ts
FN:7,(anonymous_0)
FN:11,(anonymous_1)
FN:20,(anonymous_2)
FN:29,(anonymous_3)
FNF:4
FNH:4
FNDA:6,(anonymous_0)
FNDA:2,(anonymous_1)
FNDA:2,(anonymous_2)
FNDA:2,(anonymous_3)
DA:8,6
DA:12,2
DA:13,2
DA:14,1
DA:16,1
DA:21,2
DA:22,2
DA:23,1
DA:25,1
DA:30,2
DA:31,2
DA:32,1
DA:34,1
LF:13
LH:13
BRF:0
BRH:0
end_of_record
TN:
SF:src\adapter\driver\UsuarioController.ts
FN:9,(anonymous_0)
FN:14,(anonymous_1)
FN:24,(anonymous_2)
FNF:3
FNH:3
FNDA:3,(anonymous_0)
FNDA:2,(anonymous_1)
FNDA:2,(anonymous_2)
DA:10,3
DA:11,3
DA:15,2
DA:16,2
DA:17,2
DA:19,1
DA:25,2
DA:26,2
DA:27,2
DA:29,1
LF:10
LH:10
BRF:0
BRH:0
end_of_record
TN:
SF:src\config\database.ts
FN:14,(anonymous_0)
FNF:1
FNH:1
FNDA:2,(anonymous_0)
DA:6,5
DA:14,5
DA:15,2
DA:16,2
DA:17,1
DA:19,1
LF:6
LH:6
BRF:0
BRH:0
end_of_record
TN:
SF:src\core\domain\models\Usuario.ts
FN:10,(anonymous_0)
FNF:1
FNH:1
FNDA:10,(anonymous_0)
DA:19,10
DA:20,10
DA:21,10
DA:22,10
DA:23,10
DA:24,10
DA:25,10
LF:7
LH:7
BRF:0
BRH:0
end_of_record
TN:
SF:src\core\domain\useCases\Pedido\PedidoUseCase.ts
FN:8,(anonymous_0)
FN:12,(anonymous_1)
FN:16,(anonymous_2)
FN:21,(anonymous_3)
FN:25,(anonymous_4)
FNF:5
FNH:5
FNDA:6,(anonymous_0)
FNDA:1,(anonymous_1)
FNDA:1,(anonymous_2)
FNDA:2,(anonymous_3)
FNDA:2,(anonymous_4)
DA:9,6
DA:13,1
DA:18,1
DA:22,2
DA:26,2
LF:5
LH:5
BRF:0
BRH:0
end_of_record
TN:
SF:src\core\domain\useCases\Usuario\UsuarioUseCase.ts
FN:7,(anonymous_0)
FN:12,(anonymous_1)
FN:26,(anonymous_2)
FN:41,(anonymous_3)
FNF:4
FNH:4
FNDA:12,(anonymous_0)
FNDA:3,(anonymous_1)
FNDA:3,(anonymous_2)
FNDA:3,(anonymous_3)
DA:8,12
DA:13,3
DA:15,3
DA:16,2
DA:17,1
DA:19,1
DA:23,2
DA:27,3
DA:28,3
DA:31,2
DA:32,1
DA:34,1
DA:37,2
DA:42,3
DA:43,3
DA:44,2
DA:46,1
LF:17
LH:17
BRDA:16,0,0,1
BRDA:16,0,1,1
BRDA:31,1,0,1
BRDA:31,1,1,1
BRF:4
BRH:4
end_of_record
TN:
SF:src\core\domain\valueObjects\VerificaSenha.ts
FN:8,(anonymous_0)
FN:21,(anonymous_1)
FN:28,(anonymous_2)
FN:35,(anonymous_3)
FNF:4
FNH:4
FNDA:3,(anonymous_0)
FNDA:3,(anonymous_1)
FNDA:3,(anonymous_2)
FNDA:2,(anonymous_3)
DA:9,3
DA:10,3
DA:17,2
DA:18,2
DA:28,3
DA:29,3
DA:36,2
DA:37,0
DA:39,2
LF:9
LH:8
BRDA:36,0,0,0
BRDA:36,0,1,2
BRF:2
BRH:1
end_of_record
