TN:
SF:src\adapter\driven\infra\PedidoRepository.ts
FN:6,(anonymous_0)
FN:16,(anonymous_1)
FN:33,(anonymous_2)
FN:43,(anonymous_3)
FN:52,(anonymous_4)
FN:81,(anonymous_5)
FN:84,(anonymous_6)
FN:87,(anonymous_7)
FNF:8
FNH:8
FNDA:2,(anonymous_0)
FNDA:3,(anonymous_1)
FNDA:2,(anonymous_2)
FNDA:2,(anonymous_3)
FNDA:2,(anonymous_4)
FNDA:1,(anonymous_5)
FNDA:1,(anonymous_6)
FNDA:1,(anonymous_7)
DA:7,2
DA:8,2
DA:9,2
DA:11,1
DA:13,1
DA:21,3
DA:22,3
DA:23,3
DA:24,2
DA:25,2
DA:26,2
DA:27,2
DA:30,2
DA:34,2
DA:35,2
DA:38,2
DA:40,1
DA:44,2
DA:45,2
DA:46,2
DA:47,1
DA:49,1
DA:53,2
DA:54,2
DA:55,2
DA:56,1
DA:57,1
DA:58,1
DA:59,1
DA:60,1
DA:61,1
DA:62,1
DA:63,1
DA:64,1
DA:65,1
DA:66,1
DA:67,1
DA:70,1
DA:80,1
DA:81,1
DA:83,1
DA:84,1
DA:86,1
DA:87,1
DA:89,1
DA:90,1
DA:92,1
LF:47
LH:47
BRDA:24,0,0,2
BRDA:24,0,1,0
BRDA:36,1,0,2
BRDA:36,1,1,0
BRDA:61,2,0,1
BRDA:61,2,1,0
BRDA:64,3,0,1
BRDA:64,3,1,0
BRDA:73,4,0,1
BRDA:73,4,1,0
BRDA:75,5,0,1
BRDA:75,5,1,0
BRDA:76,6,0,1
BRDA:76,6,1,0
BRF:14
BRH:7
end_of_record
TN:
SF:src\adapter\driven\infra\UsuarioRepository.ts
FN:8,(anonymous_0)
FN:18,(anonymous_1)
FN:53,(anonymous_2)
FNF:3
FNH:3
FNDA:2,(anonymous_0)
FNDA:1,(anonymous_1)
FNDA:1,(anonymous_2)
DA:5,2
DA:9,2
DA:10,2
DA:11,2
DA:12,1
DA:14,1
DA:19,1
DA:20,1
DA:21,1
DA:22,1
DA:23,1
DA:24,1
DA:25,1
DA:26,1
DA:27,1
DA:28,1
DA:29,1
DA:41,1
DA:42,1
DA:43,1
DA:46,0
DA:49,0
DA:54,1
DA:55,1
DA:56,1
DA:57,1
DA:58,1
DA:59,1
DA:72,1
DA:73,1
DA:74,1
DA:77,0
LF:32
LH:29
BRDA:11,0,0,1
BRDA:11,0,1,1
BRDA:22,1,0,1
BRDA:22,1,1,0
BRDA:26,2,0,1
BRDA:26,2,1,0
BRDA:26,3,0,1
BRDA:26,3,1,1
BRDA:28,4,0,1
BRDA:28,4,1,0
BRDA:57,5,0,1
BRDA:57,5,1,0
BRF:12
BRH:8
end_of_record
TN:
SF:src\adapter\driver\PedidoController.ts
FN:7,(anonymous_0)
FN:11,(anonymous_1)
FN:20,(anonymous_2)
FN:29,(anonymous_3)
FNF:4
FNH:4
FNDA:6,(anonymous_0)
FNDA:2,(anonymous_1)
FNDA:2,(anonymous_2)
FNDA:2,(anonymous_3)
DA:8,6
DA:12,2
DA:13,2
DA:14,1
DA:16,1
DA:21,2
DA:22,2
DA:23,1
DA:25,1
DA:30,2
DA:31,2
DA:32,1
DA:34,1
LF:13
LH:13
BRF:0
BRH:0
end_of_record
TN:
SF:src\adapter\driver\UsuarioController.ts
FN:5,(anonymous_0)
FN:9,(anonymous_1)
FN:17,(anonymous_2)
FNF:3
FNH:3
FNDA:4,(anonymous_0)
FNDA:2,(anonymous_1)
FNDA:2,(anonymous_2)
DA:10,2
DA:11,2
DA:12,2
DA:14,1
DA:18,2
DA:19,2
DA:20,2
DA:22,1
LF:8
LH:8
BRF:0
BRH:0
end_of_record
TN:
SF:src\adapter\middleware\autenticacao.middleware.ts
FN:4,autenticacaoMiddleware
FN:5,(anonymous_1)
FNF:2
FNH:2
FNDA:3,autenticacaoMiddleware
FNDA:3,(anonymous_1)
DA:5,3
DA:6,3
DA:8,3
DA:9,1
DA:14,2
DA:16,2
DA:17,1
DA:19,1
LF:8
LH:8
BRDA:8,0,0,1
BRDA:8,0,1,2
BRDA:16,1,0,1
BRDA:16,1,1,1
BRF:4
BRH:4
end_of_record
TN:
SF:src\config\database.ts
FN:11,(anonymous_0)
FNF:1
FNH:1
FNDA:2,(anonymous_0)
DA:3,4
DA:11,4
DA:12,2
DA:13,2
DA:14,1
DA:15,1
LF:6
LH:6
BRF:0
BRH:0
end_of_record
TN:
SF:src\core\domain\models\Usuario.ts
FN:10,(anonymous_0)
FNF:1
FNH:1
FNDA:10,(anonymous_0)
DA:19,10
DA:20,10
DA:21,10
DA:22,10
DA:23,10
DA:24,10
DA:25,10
LF:7
LH:7
BRF:0
BRH:0
end_of_record
TN:
SF:src\core\domain\useCases\Pedido\PedidoUseCase.ts
FN:8,(anonymous_0)
FN:12,(anonymous_1)
FN:16,(anonymous_2)
FN:21,(anonymous_3)
FN:25,(anonymous_4)
FNF:5
FNH:5
FNDA:6,(anonymous_0)
FNDA:1,(anonymous_1)
FNDA:1,(anonymous_2)
FNDA:2,(anonymous_3)
FNDA:2,(anonymous_4)
DA:9,6
DA:13,1
DA:18,1
DA:22,2
DA:26,2
LF:5
LH:5
BRF:0
BRH:0
end_of_record
TN:
SF:src\core\domain\useCases\Usuario\UsuarioUseCase.ts
FN:7,(anonymous_0)
FN:11,(anonymous_1)
FN:25,(anonymous_2)
FN:40,(anonymous_3)
FNF:4
FNH:4
FNDA:9,(anonymous_0)
FNDA:3,(anonymous_1)
FNDA:3,(anonymous_2)
FNDA:3,(anonymous_3)
DA:8,9
DA:12,3
DA:13,3
DA:16,2
DA:17,1
DA:19,1
DA:22,1
DA:26,3
DA:27,3
DA:30,2
DA:31,1
DA:33,1
DA:36,1
DA:41,3
DA:42,3
DA:43,2
DA:45,1
LF:17
LH:17
BRDA:16,0,0,1
BRDA:16,0,1,1
BRDA:30,1,0,1
BRDA:30,1,1,1
BRF:4
BRH:4
end_of_record
TN:
SF:src\core\domain\valueObjects\GerarHash.ts
FN:4,(anonymous_0)
FN:17,(anonymous_1)
FN:24,(anonymous_2)
FN:31,(anonymous_3)
FNF:4
FNH:4
FNDA:3,(anonymous_0)
FNDA:3,(anonymous_1)
FNDA:3,(anonymous_2)
FNDA:3,(anonymous_3)
DA:5,3
DA:6,3
DA:13,3
DA:14,3
DA:24,3
DA:25,3
DA:32,3
DA:33,0
DA:35,3
LF:9
LH:8
BRDA:32,0,0,0
BRDA:32,0,1,3
BRF:2
BRH:1
end_of_record
TN:
SF:src\core\domain\valueObjects\VerificaSenha.ts
FN:4,(anonymous_0)
FN:17,(anonymous_1)
FN:24,(anonymous_2)
FN:31,(anonymous_3)
FNF:4
FNH:4
FNDA:3,(anonymous_0)
FNDA:4,(anonymous_1)
FNDA:4,(anonymous_2)
FNDA:2,(anonymous_3)
DA:5,3
DA:6,3
DA:13,2
DA:14,2
DA:24,4
DA:25,4
DA:32,2
DA:33,0
DA:35,2
LF:9
LH:8
BRDA:32,0,0,0
BRDA:32,0,1,2
BRF:2
BRH:1
end_of_record
TN:
SF:src\core\domain\valueObjects\cpf.ts
FN:6,(anonymous_0)
FN:10,(anonymous_1)
FNF:2
FNH:2
FNDA:4,(anonymous_0)
FNDA:4,(anonymous_1)
DA:7,4
DA:11,4
LF:2
LH:2
BRF:0
BRH:0
end_of_record
